[2021-06-08 14:47:07] log_add.INFO: ПользовательMyScarfдобавил выпускInvincible Iron Man Vol 3#4 [] []
[2021-06-08 15:13:11] log_add.INFO: Пользователь MyScarf редактировал описание выпуска Invincible Iron Man Vol 3 # 4 [] []
[2021-06-08 15:20:06] log_add.INFO: Пользователь MyScarf редактировал описание выпуска Invincible Iron Man Vol 3 # 4 [] []
[2021-06-08 15:23:40] log_add.INFO: Пользователь MyScarf удалил выпуск из списка Invincible Iron Man Vol 3 # 4 [] []
[2021-06-09 09:41:30] log_add.INFO: Пользователь MyScarf редактировал описание выпуска Avengers Assemble # 18 [] []
[2021-06-14 10:57:27] log_add.INFO: Пользователь MyScarf редактировал описание выпуска Friendly Neighborhood Spider-Man # 22 [] []
[2021-06-14 11:24:17] log_add.INFO: Пользователь MyScarf редактировал описание выпуска Friendly Neighborhood Spider-Man # 22 [] []
[2021-06-14 11:24:30] log_add.INFO: Пользователь MyScarf редактировал описание выпуска Friendly Neighborhood Spider-Man # 22 [] []
[2021-06-14 11:24:39] log_add.INFO: Пользователь MyScarf редактировал описание выпуска Friendly Neighborhood Spider-Man # 22 [] []
[2021-06-14 11:32:15] log_add.INFO: Пользователь MyScarf редактировал описание выпуска Avengers Assemble # 18 [] []
[2021-06-14 11:33:36] log_add.INFO: Пользователь MyScarf редактировал описание выпуска Avengers Assemble # 18 [] []
[2021-06-19 14:03:11] log_add.INFO: Пользователь MyScarf добавил описание выпуска Invincible Iron Man Vol 3 # 3 [] []
[2021-06-19 14:03:38] log_add.INFO: Пользователь MyScarf добавил описание выпуска Invincible Iron Man Vol 3 # 3 [] []
[2021-06-19 14:04:25] log_add.INFO: Пользователь MyScarf удалил выпуск из списка Invincible Iron Man Vol 3 # 3 [] []
[2021-06-19 14:06:04] log_add.INFO: Пользователь MyScarf редактировал описание выпуска Invincible Iron Man Vol 3 # 3 [] []
[2021-06-19 14:22:36] log_add.INFO: Пользователь MyScarf редактировал описание выпуска Invincible Iron Man Vol 3 # 3 [] []
[2021-06-19 14:25:37] log_add.INFO: Пользователь MyScarf редактировал описание выпуска Invincible Iron Man Vol 3 # 3 [] []
[2021-06-19 14:28:39] log_add.INFO: Пользователь MyScarf редактировал описание выпуска Invincible Iron Man Vol 3 # 3 [] []
[2021-06-19 14:29:17] log_add.INFO: Пользователь MyScarf редактировал описание выпуска Invincible Iron Man Vol 3 # 3 [] []
[2021-06-19 14:29:34] log_add.INFO: Пользователь MyScarf редактировал описание выпуска Invincible Iron Man Vol 3 # 3 [] []
[2021-06-22 11:07:36] log_add.INFO: Пользователь MyScarf редактировал описание выпуска Invincible Iron Man Vol 3 # 4 [] []
[2021-06-22 11:08:00] log_add.INFO: Пользователь MyScarf редактировал описание выпуска Invincible Iron Man Vol 3 # 3 [] []
[2021-06-22 11:08:12] log_add.INFO: Пользователь MyScarf редактировал описание выпуска Invincible Iron Man Vol 3 # 3 [] []
[2021-06-22 11:08:22] log_add.INFO: Пользователь MyScarf редактировал описание выпуска Invincible Iron Man Vol 3 # 3 [] []
[2021-06-22 11:26:21] log_add.INFO: Пользователь MyScarf редактировал описание выпуска Invincible Iron Man Vol 3 # 3 [] []
[2021-06-22 11:26:28] log_add.INFO: Пользователь MyScarf редактировал описание выпуска Invincible Iron Man Vol 3 # 3 [] []
[2021-06-22 11:55:51] log_add.INFO: Пользователь MyScarf редактировал описание выпуска Invincible Iron Man Vol 3 # 3 [] []
[2021-06-22 11:55:59] log_add.INFO: Пользователь MyScarf редактировал описание выпуска Invincible Iron Man Vol 3 # 3 [] []
[2021-06-22 12:10:35] log_add.INFO: Пользователь MyScarf редактировал описание выпуска Invincible Iron Man Vol 3 # 4 [] []
